  App.cpp
  ButtonText.cpp
  Character.cpp
  Coins.cpp
  Controller.cpp
  CrazyFrogEnnemy.cpp
  Entity.cpp
  Floor.cpp
  MenuScene.cpp
  MoveEnnemy.cpp
  PowerUp.cpp
  RandomConfigGenerator.cpp
  Ressources.cpp
  RunnerCamera.cpp
  RunnerScene.cpp
  Scene.cpp
C:\Users\teddy\OneDrive\Documents\GitHub\Gtech_2\Géométrie3D\lyo-2-amiga-s1p2-01\vendor\GCE\include\GCE\Core\Maths\Vector4.h(56,22): warning C4166: convention d'appel non conforme pour un constructeur/destructeur
  (compiler le fichier source '../../src/Runner/Ressources.cpp')
  
C:\Users\teddy\OneDrive\Documents\GitHub\Gtech_2\Géométrie3D\lyo-2-amiga-s1p2-01\vendor\GCE\include\GCE\Core\Maths\Vector4.h(56,22): warning C4166: convention d'appel non conforme pour un constructeur/destructeur
  (compiler le fichier source '../../src/Runner/App.cpp')
  
C:\Users\teddy\OneDrive\Documents\GitHub\Gtech_2\Géométrie3D\lyo-2-amiga-s1p2-01\vendor\GCE\include\GCE\Core\Maths\Vector4.h(56,22): warning C4166: convention d'appel non conforme pour un constructeur/destructeur
  (compiler le fichier source '../../src/Runner/RunnerCamera.cpp')
  
C:\Users\teddy\OneDrive\Documents\GitHub\Gtech_2\Géométrie3D\lyo-2-amiga-s1p2-01\vendor\GCE\include\GCE\Core\Maths\Vector4.h(56,22): warning C4166: convention d'appel non conforme pour un constructeur/destructeur
  (compiler le fichier source '../../src/Runner/Controller.cpp')
  
C:\Users\teddy\OneDrive\Documents\GitHub\Gtech_2\Géométrie3D\lyo-2-amiga-s1p2-01\vendor\GCE\include\GCE\Core\Maths\Vector4.h(56,22): warning C4166: convention d'appel non conforme pour un constructeur/destructeur
  (compiler le fichier source '../../src/Runner/RandomConfigGenerator.cpp')
  
C:\Users\teddy\OneDrive\Documents\GitHub\Gtech_2\Géométrie3D\lyo-2-amiga-s1p2-01\vendor\GCE\include\GCE\Core\Maths\Vector4.h(56,22): warning C4166: convention d'appel non conforme pour un constructeur/destructeur
  (compiler le fichier source '../../src/Runner/Character.cpp')
  
C:\Users\teddy\OneDrive\Documents\GitHub\Gtech_2\Géométrie3D\lyo-2-amiga-s1p2-01\vendor\GCE\include\GCE\Core\Maths\Vector4.h(56,22): warning C4166: convention d'appel non conforme pour un constructeur/destructeur
  (compiler le fichier source '../../src/Runner/Coins.cpp')
  
C:\Users\teddy\OneDrive\Documents\GitHub\Gtech_2\Géométrie3D\lyo-2-amiga-s1p2-01\vendor\GCE\include\GCE\Core\Maths\Vector4.h(56,22): warning C4166: convention d'appel non conforme pour un constructeur/destructeur
  (compiler le fichier source '../../src/Runner/Entity.cpp')
  
C:\Users\teddy\OneDrive\Documents\GitHub\Gtech_2\Géométrie3D\lyo-2-amiga-s1p2-01\vendor\GCE\include\GCE\Core\Maths\Vector4.h(56,22): warning C4166: convention d'appel non conforme pour un constructeur/destructeur
  (compiler le fichier source '../../src/Runner/ButtonText.cpp')
  
C:\Users\teddy\OneDrive\Documents\GitHub\Gtech_2\Géométrie3D\lyo-2-amiga-s1p2-01\vendor\GCE\include\GCE\Core\Maths\Vector4.h(56,22): warning C4166: convention d'appel non conforme pour un constructeur/destructeur
  (compiler le fichier source '../../src/Runner/CrazyFrogEnnemy.cpp')
  
C:\Users\teddy\OneDrive\Documents\GitHub\Gtech_2\Géométrie3D\lyo-2-amiga-s1p2-01\vendor\GCE\include\GCE\Core\Maths\Vector4.h(56,22): warning C4166: convention d'appel non conforme pour un constructeur/destructeur
  (compiler le fichier source '../../src/Runner/Floor.cpp')
  
C:\Users\teddy\OneDrive\Documents\GitHub\Gtech_2\Géométrie3D\lyo-2-amiga-s1p2-01\vendor\GCE\include\GCE\Core\Maths\Vector4.h(56,22): warning C4166: convention d'appel non conforme pour un constructeur/destructeur
  (compiler le fichier source '../../src/Runner/RunnerScene.cpp')
  
C:\Users\teddy\OneDrive\Documents\GitHub\Gtech_2\Géométrie3D\lyo-2-amiga-s1p2-01\vendor\GCE\include\GCE\Core\Maths\Vector4.h(56,22): warning C4166: convention d'appel non conforme pour un constructeur/destructeur
  (compiler le fichier source '../../src/Runner/Scene.cpp')
  
C:\Users\teddy\OneDrive\Documents\GitHub\Gtech_2\Géométrie3D\lyo-2-amiga-s1p2-01\vendor\GCE\include\GCE\Core\Maths\Vector4.h(56,22): warning C4166: convention d'appel non conforme pour un constructeur/destructeur
  (compiler le fichier source '../../src/Runner/MoveEnnemy.cpp')
  
C:\Users\teddy\OneDrive\Documents\GitHub\Gtech_2\Géométrie3D\lyo-2-amiga-s1p2-01\vendor\GCE\include\GCE\Core\Maths\Vector4.h(56,22): warning C4166: convention d'appel non conforme pour un constructeur/destructeur
  (compiler le fichier source '../../src/Runner/MenuScene.cpp')
  
C:\Users\teddy\OneDrive\Documents\GitHub\Gtech_2\Géométrie3D\lyo-2-amiga-s1p2-01\vendor\GCE\include\GCE\Core\Maths\Vector4.h(56,22): warning C4166: convention d'appel non conforme pour un constructeur/destructeur
  (compiler le fichier source '../../src/Runner/PowerUp.cpp')
  
C:\Users\teddy\OneDrive\Documents\GitHub\Gtech_2\Géométrie3D\lyo-2-amiga-s1p2-01\vendor\GCE\include\GCE\Core\Maths\Matrix.h(64,22): warning C4166: convention d'appel non conforme pour un constructeur/destructeur
  (compiler le fichier source '../../src/Runner/Character.cpp')
  
C:\Users\teddy\OneDrive\Documents\GitHub\Gtech_2\Géométrie3D\lyo-2-amiga-s1p2-01\vendor\GCE\include\GCE\Core\Maths\Matrix.h(64,22): warning C4166: convention d'appel non conforme pour un constructeur/destructeur
  (compiler le fichier source '../../src/Runner/Coins.cpp')
  
C:\Users\teddy\OneDrive\Documents\GitHub\Gtech_2\Géométrie3D\lyo-2-amiga-s1p2-01\vendor\GCE\include\GCE\Core\Maths\Matrix.h(64,22): warning C4166: convention d'appel non conforme pour un constructeur/destructeur
  (compiler le fichier source '../../src/Runner/Entity.cpp')
  
C:\Users\teddy\OneDrive\Documents\GitHub\Gtech_2\Géométrie3D\lyo-2-amiga-s1p2-01\vendor\GCE\include\GCE\Core\Maths\Matrix.h(64,22): warning C4166: convention d'appel non conforme pour un constructeur/destructeur
  (compiler le fichier source '../../src/Runner/CrazyFrogEnnemy.cpp')
  
C:\Users\teddy\OneDrive\Documents\GitHub\Gtech_2\Géométrie3D\lyo-2-amiga-s1p2-01\vendor\GCE\include\GCE\Core\Maths\Matrix.h(64,22): warning C4166: convention d'appel non conforme pour un constructeur/destructeur
  (compiler le fichier source '../../src/Runner/App.cpp')
  
C:\Users\teddy\OneDrive\Documents\GitHub\Gtech_2\Géométrie3D\lyo-2-amiga-s1p2-01\vendor\GCE\include\GCE\Core\Maths\Matrix.h(64,22): warning C4166: convention d'appel non conforme pour un constructeur/destructeur
  (compiler le fichier source '../../src/Runner/Ressources.cpp')
  
C:\Users\teddy\OneDrive\Documents\GitHub\Gtech_2\Géométrie3D\lyo-2-amiga-s1p2-01\vendor\GCE\include\GCE\Core\Maths\Matrix.h(64,22): warning C4166: convention d'appel non conforme pour un constructeur/destructeur
  (compiler le fichier source '../../src/Runner/Floor.cpp')
  
C:\Users\teddy\OneDrive\Documents\GitHub\Gtech_2\Géométrie3D\lyo-2-amiga-s1p2-01\vendor\GCE\include\GCE\Core\Maths\Matrix.h(64,22): warning C4166: convention d'appel non conforme pour un constructeur/destructeur
  (compiler le fichier source '../../src/Runner/RunnerCamera.cpp')
  
C:\Users\teddy\OneDrive\Documents\GitHub\Gtech_2\Géométrie3D\lyo-2-amiga-s1p2-01\vendor\GCE\include\GCE\Core\Maths\Matrix.h(64,22): warning C4166: convention d'appel non conforme pour un constructeur/destructeur
  (compiler le fichier source '../../src/Runner/Controller.cpp')
  
C:\Users\teddy\OneDrive\Documents\GitHub\Gtech_2\Géométrie3D\lyo-2-amiga-s1p2-01\vendor\GCE\include\GCE\Core\Maths\Matrix.h(64,22): warning C4166: convention d'appel non conforme pour un constructeur/destructeur
  (compiler le fichier source '../../src/Runner/MoveEnnemy.cpp')
  
C:\Users\teddy\OneDrive\Documents\GitHub\Gtech_2\Géométrie3D\lyo-2-amiga-s1p2-01\vendor\GCE\include\GCE\Core\Maths\Matrix.h(64,22): warning C4166: convention d'appel non conforme pour un constructeur/destructeur
  (compiler le fichier source '../../src/Runner/RunnerScene.cpp')
  
C:\Users\teddy\OneDrive\Documents\GitHub\Gtech_2\Géométrie3D\lyo-2-amiga-s1p2-01\vendor\GCE\include\GCE\Core\Maths\Matrix.h(64,22): warning C4166: convention d'appel non conforme pour un constructeur/destructeur
  (compiler le fichier source '../../src/Runner/ButtonText.cpp')
  
C:\Users\teddy\OneDrive\Documents\GitHub\Gtech_2\Géométrie3D\lyo-2-amiga-s1p2-01\src\Runner\CrazyFrogEnnemy.cpp(97,18): warning C4101: 'RePosition' : variable locale non référencée
  (compiler le fichier source '../../src/Runner/CrazyFrogEnnemy.cpp')
  
C:\Users\teddy\OneDrive\Documents\GitHub\Gtech_2\Géométrie3D\lyo-2-amiga-s1p2-01\src\Runner\App.cpp(36,15): warning C4244: 'argument' : conversion de 'time_t' en 'unsigned int', perte possible de données
  (compiler le fichier source '../../src/Runner/App.cpp')
  
C:\Users\teddy\OneDrive\Documents\GitHub\Gtech_2\Géométrie3D\lyo-2-amiga-s1p2-01\vendor\GCE\include\GCE\Core\Maths\Matrix.h(64,22): warning C4166: convention d'appel non conforme pour un constructeur/destructeur
  (compiler le fichier source '../../src/Runner/MenuScene.cpp')
  
C:\Users\teddy\OneDrive\Documents\GitHub\Gtech_2\Géométrie3D\lyo-2-amiga-s1p2-01\vendor\GCE\include\GCE\Core\Maths\Matrix.h(64,22): warning C4166: convention d'appel non conforme pour un constructeur/destructeur
  (compiler le fichier source '../../src/Runner/Scene.cpp')
  
C:\Users\teddy\OneDrive\Documents\GitHub\Gtech_2\Géométrie3D\lyo-2-amiga-s1p2-01\vendor\GCE\include\GCE\Core\Maths\Matrix.h(64,22): warning C4166: convention d'appel non conforme pour un constructeur/destructeur
  (compiler le fichier source '../../src/Runner/PowerUp.cpp')
  
C:\Users\teddy\OneDrive\Documents\GitHub\Gtech_2\Géométrie3D\lyo-2-amiga-s1p2-01\src\Runner\RunnerScene.cpp(100,36): warning C4805: '==' : mélange risqué de type 'int' et de type 'bool' dans l'opération
  (compiler le fichier source '../../src/Runner/RunnerScene.cpp')
  
C:\Users\teddy\OneDrive\Documents\GitHub\Gtech_2\Géométrie3D\lyo-2-amiga-s1p2-01\vendor\GCE\include\GCE\Core\Maths\Matrix.h(64,22): warning C4166: convention d'appel non conforme pour un constructeur/destructeur
  (compiler le fichier source '../../src/Runner/RandomConfigGenerator.cpp')
  
C:\Users\teddy\OneDrive\Documents\GitHub\Gtech_2\Géométrie3D\lyo-2-amiga-s1p2-01\src\Runner\PowerUp.cpp(140,31): warning C4244: '=' : conversion de 'float' en 'int', perte possible de données
  (compiler le fichier source '../../src/Runner/PowerUp.cpp')
  
C:\Users\teddy\OneDrive\Documents\GitHub\Gtech_2\Géométrie3D\lyo-2-amiga-s1p2-01\src\Runner\RandomConfigGenerator.cpp(473,10): warning C4267: 'initialisation' : conversion de 'size_t' en 'int', perte possible de données
  (compiler le fichier source '../../src/Runner/RandomConfigGenerator.cpp')
  
  StaticEnnemi.cpp
  Tile.cpp
  TileGenerator.cpp
  Wall.cpp
  main.cpp
C:\Users\teddy\OneDrive\Documents\GitHub\Gtech_2\Géométrie3D\lyo-2-amiga-s1p2-01\vendor\GCE\include\GCE\Core\Maths\Vector4.h(56,22): warning C4166: convention d'appel non conforme pour un constructeur/destructeur
  (compiler le fichier source '../../src/Runner/Tile.cpp')
  
C:\Users\teddy\OneDrive\Documents\GitHub\Gtech_2\Géométrie3D\lyo-2-amiga-s1p2-01\vendor\GCE\include\GCE\Core\Maths\Vector4.h(56,22): warning C4166: convention d'appel non conforme pour un constructeur/destructeur
  (compiler le fichier source '../../src/Runner/TileGenerator.cpp')
  
C:\Users\teddy\OneDrive\Documents\GitHub\Gtech_2\Géométrie3D\lyo-2-amiga-s1p2-01\vendor\GCE\include\GCE\Core\Maths\Vector4.h(56,22): warning C4166: convention d'appel non conforme pour un constructeur/destructeur
  (compiler le fichier source '../../src/Runner/main.cpp')
  
C:\Users\teddy\OneDrive\Documents\GitHub\Gtech_2\Géométrie3D\lyo-2-amiga-s1p2-01\vendor\GCE\include\GCE\Core\Maths\Vector4.h(56,22): warning C4166: convention d'appel non conforme pour un constructeur/destructeur
  (compiler le fichier source '../../src/Runner/Wall.cpp')
  
C:\Users\teddy\OneDrive\Documents\GitHub\Gtech_2\Géométrie3D\lyo-2-amiga-s1p2-01\vendor\GCE\include\GCE\Core\Maths\Vector4.h(56,22): warning C4166: convention d'appel non conforme pour un constructeur/destructeur
  (compiler le fichier source '../../src/Runner/StaticEnnemi.cpp')
  
C:\Users\teddy\OneDrive\Documents\GitHub\Gtech_2\Géométrie3D\lyo-2-amiga-s1p2-01\vendor\GCE\include\GCE\Core\Maths\Matrix.h(64,22): warning C4166: convention d'appel non conforme pour un constructeur/destructeur
  (compiler le fichier source '../../src/Runner/Tile.cpp')
  
C:\Users\teddy\OneDrive\Documents\GitHub\Gtech_2\Géométrie3D\lyo-2-amiga-s1p2-01\vendor\GCE\include\GCE\Core\Maths\Matrix.h(64,22): warning C4166: convention d'appel non conforme pour un constructeur/destructeur
  (compiler le fichier source '../../src/Runner/TileGenerator.cpp')
  
C:\Users\teddy\OneDrive\Documents\GitHub\Gtech_2\Géométrie3D\lyo-2-amiga-s1p2-01\vendor\GCE\include\GCE\Core\Maths\Matrix.h(64,22): warning C4166: convention d'appel non conforme pour un constructeur/destructeur
  (compiler le fichier source '../../src/Runner/Wall.cpp')
  
C:\Users\teddy\OneDrive\Documents\GitHub\Gtech_2\Géométrie3D\lyo-2-amiga-s1p2-01\vendor\GCE\include\GCE\Core\Maths\Matrix.h(64,22): warning C4166: convention d'appel non conforme pour un constructeur/destructeur
  (compiler le fichier source '../../src/Runner/StaticEnnemi.cpp')
  
C:\Users\teddy\OneDrive\Documents\GitHub\Gtech_2\Géométrie3D\lyo-2-amiga-s1p2-01\vendor\GCE\include\GCE\Core\Maths\Matrix.h(64,22): warning C4166: convention d'appel non conforme pour un constructeur/destructeur
  (compiler le fichier source '../../src/Runner/main.cpp')
  
C:\Users\teddy\OneDrive\Documents\GitHub\Gtech_2\Géométrie3D\lyo-2-amiga-s1p2-01\src\Runner\StaticEnnemi.cpp(23,34): warning C4244: '=' : conversion de 'int' en 'float', perte possible de données
  (compiler le fichier source '../../src/Runner/StaticEnnemi.cpp')
  
lib.lib(Matrix.obj) : warning LNK4099: PDB 'Core.pdb' n'a pu être trouvé avec 'lib.lib(Matrix.obj)' ou sur 'C:\Users\teddy\OneDrive\Documents\GitHub\Gtech_2\Géométrie3D\lyo-2-amiga-s1p2-01\ide\Runner\x64\Debug\Core.pdb' ; l'objet sera lié sans informations de débogage
lib.lib(Quaternion.obj) : warning LNK4099: PDB 'Core.pdb' n'a pu être trouvé avec 'lib.lib(Quaternion.obj)' ou sur 'C:\Users\teddy\OneDrive\Documents\GitHub\Gtech_2\Géométrie3D\lyo-2-amiga-s1p2-01\ide\Runner\x64\Debug\Core.pdb' ; l'objet sera lié sans informations de débogage
lib.lib(Triangulation.obj) : warning LNK4099: PDB 'Core.pdb' n'a pu être trouvé avec 'lib.lib(Triangulation.obj)' ou sur 'C:\Users\teddy\OneDrive\Documents\GitHub\Gtech_2\Géométrie3D\lyo-2-amiga-s1p2-01\ide\Runner\x64\Debug\Core.pdb' ; l'objet sera lié sans informations de débogage
lib.lib(Vector3.obj) : warning LNK4099: PDB 'Core.pdb' n'a pu être trouvé avec 'lib.lib(Vector3.obj)' ou sur 'C:\Users\teddy\OneDrive\Documents\GitHub\Gtech_2\Géométrie3D\lyo-2-amiga-s1p2-01\ide\Runner\x64\Debug\Core.pdb' ; l'objet sera lié sans informations de débogage
lib.lib(MtlParser.obj) : warning LNK4099: PDB 'Core.pdb' n'a pu être trouvé avec 'lib.lib(MtlParser.obj)' ou sur 'C:\Users\teddy\OneDrive\Documents\GitHub\Gtech_2\Géométrie3D\lyo-2-amiga-s1p2-01\ide\Runner\x64\Debug\Core.pdb' ; l'objet sera lié sans informations de débogage
lib.lib(Obj.obj) : warning LNK4099: PDB 'Core.pdb' n'a pu être trouvé avec 'lib.lib(Obj.obj)' ou sur 'C:\Users\teddy\OneDrive\Documents\GitHub\Gtech_2\Géométrie3D\lyo-2-amiga-s1p2-01\ide\Runner\x64\Debug\Core.pdb' ; l'objet sera lié sans informations de débogage
lib.lib(Window.obj) : warning LNK4099: PDB 'Render.pdb' n'a pu être trouvé avec 'lib.lib(Window.obj)' ou sur 'C:\Users\teddy\OneDrive\Documents\GitHub\Gtech_2\Géométrie3D\lyo-2-amiga-s1p2-01\ide\Runner\x64\Debug\Render.pdb' ; l'objet sera lié sans informations de débogage
lib.lib(Structs.obj) : warning LNK4099: PDB 'Render.pdb' n'a pu être trouvé avec 'lib.lib(Structs.obj)' ou sur 'C:\Users\teddy\OneDrive\Documents\GitHub\Gtech_2\Géométrie3D\lyo-2-amiga-s1p2-01\ide\Runner\x64\Debug\Render.pdb' ; l'objet sera lié sans informations de débogage
lib.lib(shadowMap.obj) : warning LNK4099: PDB 'Render.pdb' n'a pu être trouvé avec 'lib.lib(shadowMap.obj)' ou sur 'C:\Users\teddy\OneDrive\Documents\GitHub\Gtech_2\Géométrie3D\lyo-2-amiga-s1p2-01\ide\Runner\x64\Debug\Render.pdb' ; l'objet sera lié sans informations de débogage
lib.lib(RenderWindow.obj) : warning LNK4099: PDB 'Render.pdb' n'a pu être trouvé avec 'lib.lib(RenderWindow.obj)' ou sur 'C:\Users\teddy\OneDrive\Documents\GitHub\Gtech_2\Géométrie3D\lyo-2-amiga-s1p2-01\ide\Runner\x64\Debug\Render.pdb' ; l'objet sera lié sans informations de débogage
lib.lib(RenderTarget.obj) : warning LNK4099: PDB 'Render.pdb' n'a pu être trouvé avec 'lib.lib(RenderTarget.obj)' ou sur 'C:\Users\teddy\OneDrive\Documents\GitHub\Gtech_2\Géométrie3D\lyo-2-amiga-s1p2-01\ide\Runner\x64\Debug\Render.pdb' ; l'objet sera lié sans informations de débogage
lib.lib(RenderContext.obj) : warning LNK4099: PDB 'Render.pdb' n'a pu être trouvé avec 'lib.lib(RenderContext.obj)' ou sur 'C:\Users\teddy\OneDrive\Documents\GitHub\Gtech_2\Géométrie3D\lyo-2-amiga-s1p2-01\ide\Runner\x64\Debug\Render.pdb' ; l'objet sera lié sans informations de débogage
lib.lib(RenderCamera.obj) : warning LNK4099: PDB 'Render.pdb' n'a pu être trouvé avec 'lib.lib(RenderCamera.obj)' ou sur 'C:\Users\teddy\OneDrive\Documents\GitHub\Gtech_2\Géométrie3D\lyo-2-amiga-s1p2-01\ide\Runner\x64\Debug\Render.pdb' ; l'objet sera lié sans informations de débogage
lib.lib(ParticlesSystem.obj) : warning LNK4099: PDB 'Render.pdb' n'a pu être trouvé avec 'lib.lib(ParticlesSystem.obj)' ou sur 'C:\Users\teddy\OneDrive\Documents\GitHub\Gtech_2\Géométrie3D\lyo-2-amiga-s1p2-01\ide\Runner\x64\Debug\Render.pdb' ; l'objet sera lié sans informations de débogage
lib.lib(MipmapGenerator.obj) : warning LNK4099: PDB 'Render.pdb' n'a pu être trouvé avec 'lib.lib(MipmapGenerator.obj)' ou sur 'C:\Users\teddy\OneDrive\Documents\GitHub\Gtech_2\Géométrie3D\lyo-2-amiga-s1p2-01\ide\Runner\x64\Debug\Render.pdb' ; l'objet sera lié sans informations de débogage
lib.lib(LightManager.obj) : warning LNK4099: PDB 'Render.pdb' n'a pu être trouvé avec 'lib.lib(LightManager.obj)' ou sur 'C:\Users\teddy\OneDrive\Documents\GitHub\Gtech_2\Géométrie3D\lyo-2-amiga-s1p2-01\ide\Runner\x64\Debug\Render.pdb' ; l'objet sera lié sans informations de débogage
lib.lib(ImageLoader.obj) : warning LNK4099: PDB 'Render.pdb' n'a pu être trouvé avec 'lib.lib(ImageLoader.obj)' ou sur 'C:\Users\teddy\OneDrive\Documents\GitHub\Gtech_2\Géométrie3D\lyo-2-amiga-s1p2-01\ide\Runner\x64\Debug\Render.pdb' ; l'objet sera lié sans informations de débogage
lib.lib(GeometryFactory.obj) : warning LNK4099: PDB 'Render.pdb' n'a pu être trouvé avec 'lib.lib(GeometryFactory.obj)' ou sur 'C:\Users\teddy\OneDrive\Documents\GitHub\Gtech_2\Géométrie3D\lyo-2-amiga-s1p2-01\ide\Runner\x64\Debug\Render.pdb' ; l'objet sera lié sans informations de débogage
lib.lib(FrameResources.obj) : warning LNK4099: PDB 'Render.pdb' n'a pu être trouvé avec 'lib.lib(FrameResources.obj)' ou sur 'C:\Users\teddy\OneDrive\Documents\GitHub\Gtech_2\Géométrie3D\lyo-2-amiga-s1p2-01\ide\Runner\x64\Debug\Render.pdb' ; l'objet sera lié sans informations de débogage
lib.lib(Font.obj) : warning LNK4099: PDB 'Render.pdb' n'a pu être trouvé avec 'lib.lib(Font.obj)' ou sur 'C:\Users\teddy\OneDrive\Documents\GitHub\Gtech_2\Géométrie3D\lyo-2-amiga-s1p2-01\ide\Runner\x64\Debug\Render.pdb' ; l'objet sera lié sans informations de débogage
lib.lib(DescriptorAllocator.obj) : warning LNK4099: PDB 'Render.pdb' n'a pu être trouvé avec 'lib.lib(DescriptorAllocator.obj)' ou sur 'C:\Users\teddy\OneDrive\Documents\GitHub\Gtech_2\Géométrie3D\lyo-2-amiga-s1p2-01\ide\Runner\x64\Debug\Render.pdb' ; l'objet sera lié sans informations de débogage
lib.lib(DebugRenderer.obj) : warning LNK4099: PDB 'Render.pdb' n'a pu être trouvé avec 'lib.lib(DebugRenderer.obj)' ou sur 'C:\Users\teddy\OneDrive\Documents\GitHub\Gtech_2\Géométrie3D\lyo-2-amiga-s1p2-01\ide\Runner\x64\Debug\Render.pdb' ; l'objet sera lié sans informations de débogage
lib.lib(D12PipelineObject.obj) : warning LNK4099: PDB 'Render.pdb' n'a pu être trouvé avec 'lib.lib(D12PipelineObject.obj)' ou sur 'C:\Users\teddy\OneDrive\Documents\GitHub\Gtech_2\Géométrie3D\lyo-2-amiga-s1p2-01\ide\Runner\x64\Debug\Render.pdb' ; l'objet sera lié sans informations de débogage
lib.lib(CubeMap.obj) : warning LNK4099: PDB 'Render.pdb' n'a pu être trouvé avec 'lib.lib(CubeMap.obj)' ou sur 'C:\Users\teddy\OneDrive\Documents\GitHub\Gtech_2\Géométrie3D\lyo-2-amiga-s1p2-01\ide\Runner\x64\Debug\Render.pdb' ; l'objet sera lié sans informations de débogage
  Runner.vcxproj -> C:\Users\teddy\OneDrive\Documents\GitHub\Gtech_2\Géométrie3D\lyo-2-amiga-s1p2-01\ide\Runner\x64\Debug\Runner.exe
